[2022-08-09 22:06:45,438] {taskinstance.py:1032} INFO - Dependencies all met for <TaskInstance: data_ingestion_gcs_dag.bigquery_external_table_task manual__2022-08-09T22:04:05.036815+00:00 [queued]>
[2022-08-09 22:06:46,138] {taskinstance.py:1032} INFO - Dependencies all met for <TaskInstance: data_ingestion_gcs_dag.bigquery_external_table_task manual__2022-08-09T22:04:05.036815+00:00 [queued]>
[2022-08-09 22:06:46,157] {taskinstance.py:1238} INFO - 
--------------------------------------------------------------------------------
[2022-08-09 22:06:46,167] {taskinstance.py:1239} INFO - Starting attempt 1 of 2
[2022-08-09 22:06:46,186] {taskinstance.py:1240} INFO - 
--------------------------------------------------------------------------------
[2022-08-09 22:06:46,575] {taskinstance.py:1259} INFO - Executing <Task(BigQueryCreateExternalTableOperator): bigquery_external_table_task> on 2022-08-09 22:04:05.036815+00:00
[2022-08-09 22:06:46,824] {standard_task_runner.py:52} INFO - Started process 2976 to run task
[2022-08-09 22:06:46,890] {standard_task_runner.py:76} INFO - Running: ['***', 'tasks', 'run', 'data_ingestion_gcs_dag', 'bigquery_external_table_task', 'manual__2022-08-09T22:04:05.036815+00:00', '--job-id', '7', '--raw', '--subdir', 'DAGS_FOLDER/data_ingestion_gcs_dag.py', '--cfg-path', '/tmp/tmp7e7gvbdv', '--error-file', '/tmp/tmpb4dpv9ou']
[2022-08-09 22:06:46,902] {standard_task_runner.py:77} INFO - Job 7: Subtask bigquery_external_table_task
[2022-08-09 22:06:47,740] {logging_mixin.py:109} INFO - Running <TaskInstance: data_ingestion_gcs_dag.bigquery_external_table_task manual__2022-08-09T22:04:05.036815+00:00 [running]> on host 9c54a8bef46f
[2022-08-09 22:06:48,561] {taskinstance.py:1426} INFO - Exporting the following env vars:
AIRFLOW_CTX_DAG_OWNER=***
AIRFLOW_CTX_DAG_ID=data_ingestion_gcs_dag
AIRFLOW_CTX_TASK_ID=bigquery_external_table_task
AIRFLOW_CTX_EXECUTION_DATE=2022-08-09T22:04:05.036815+00:00
AIRFLOW_CTX_DAG_RUN_ID=manual__2022-08-09T22:04:05.036815+00:00
[2022-08-09 22:06:48,618] {crypto.py:82} WARNING - empty cryptography key - values will not be stored encrypted.
[2022-08-09 22:06:55,497] {taskinstance.py:1277} INFO - Marking task as SUCCESS. dag_id=data_ingestion_gcs_dag, task_id=bigquery_external_table_task, execution_date=20220809T220405, start_date=20220809T220645, end_date=20220809T220655
[2022-08-09 22:06:56,513] {local_task_job.py:154} INFO - Task exited with return code 0
[2022-08-09 22:06:56,895] {local_task_job.py:264} INFO - 0 downstream tasks scheduled from follow-on schedule check
