[2022-08-09 21:36:16,926] {taskinstance.py:1032} INFO - Dependencies all met for <TaskInstance: data_ingestion_gcs_dag.download_dataset_task scheduled__2022-08-08T00:00:00+00:00 [queued]>
[2022-08-09 21:36:17,080] {taskinstance.py:1032} INFO - Dependencies all met for <TaskInstance: data_ingestion_gcs_dag.download_dataset_task scheduled__2022-08-08T00:00:00+00:00 [queued]>
[2022-08-09 21:36:17,087] {taskinstance.py:1238} INFO - 
--------------------------------------------------------------------------------
[2022-08-09 21:36:17,092] {taskinstance.py:1239} INFO - Starting attempt 1 of 2
[2022-08-09 21:36:17,098] {taskinstance.py:1240} INFO - 
--------------------------------------------------------------------------------
[2022-08-09 21:36:17,957] {taskinstance.py:1259} INFO - Executing <Task(BashOperator): download_dataset_task> on 2022-08-08 00:00:00+00:00
[2022-08-09 21:36:18,240] {standard_task_runner.py:52} INFO - Started process 1034 to run task
[2022-08-09 21:36:18,332] {standard_task_runner.py:76} INFO - Running: ['***', 'tasks', 'run', 'data_ingestion_gcs_dag', 'download_dataset_task', 'scheduled__2022-08-08T00:00:00+00:00', '--job-id', '2', '--raw', '--subdir', 'DAGS_FOLDER/data_ingestion_gcs_dag.py', '--cfg-path', '/tmp/tmpmnzky777', '--error-file', '/tmp/tmpmn6si0u8']
[2022-08-09 21:36:18,369] {standard_task_runner.py:77} INFO - Job 2: Subtask download_dataset_task
[2022-08-09 21:36:19,738] {logging_mixin.py:109} INFO - Running <TaskInstance: data_ingestion_gcs_dag.download_dataset_task scheduled__2022-08-08T00:00:00+00:00 [running]> on host 9c54a8bef46f
[2022-08-09 21:36:20,654] {taskinstance.py:1426} INFO - Exporting the following env vars:
AIRFLOW_CTX_DAG_OWNER=***
AIRFLOW_CTX_DAG_ID=data_ingestion_gcs_dag
AIRFLOW_CTX_TASK_ID=download_dataset_task
AIRFLOW_CTX_EXECUTION_DATE=2022-08-08T00:00:00+00:00
AIRFLOW_CTX_DAG_RUN_ID=scheduled__2022-08-08T00:00:00+00:00
[2022-08-09 21:36:20,671] {subprocess.py:62} INFO - Tmp dir root location: 
 /tmp
[2022-08-09 21:36:20,680] {subprocess.py:74} INFO - Running command: ['bash', '-c', 'curl -sSL https://d37ci6vzurychx.cloudfront.net/trip-data/yellow_tripdata_2022-01.parquet > /opt/***/yellow_tripdata_2022-01.parquet']
[2022-08-09 21:36:20,755] {subprocess.py:85} INFO - Output:
[2022-08-09 21:36:26,954] {subprocess.py:93} INFO - Command exited with return code 0
[2022-08-09 21:36:27,252] {taskinstance.py:1277} INFO - Marking task as SUCCESS. dag_id=data_ingestion_gcs_dag, task_id=download_dataset_task, execution_date=20220808T000000, start_date=20220809T213616, end_date=20220809T213627
[2022-08-09 21:36:27,516] {local_task_job.py:154} INFO - Task exited with return code 0
[2022-08-09 21:36:27,854] {local_task_job.py:264} INFO - 1 downstream tasks scheduled from follow-on schedule check
