[2022-08-09 22:05:23,264] {taskinstance.py:1032} INFO - Dependencies all met for <TaskInstance: data_ingestion_gcs_dag.local_to_gcs_task manual__2022-08-09T22:04:05.036815+00:00 [queued]>
[2022-08-09 22:05:23,790] {taskinstance.py:1032} INFO - Dependencies all met for <TaskInstance: data_ingestion_gcs_dag.local_to_gcs_task manual__2022-08-09T22:04:05.036815+00:00 [queued]>
[2022-08-09 22:05:23,814] {taskinstance.py:1238} INFO - 
--------------------------------------------------------------------------------
[2022-08-09 22:05:23,821] {taskinstance.py:1239} INFO - Starting attempt 1 of 2
[2022-08-09 22:05:23,828] {taskinstance.py:1240} INFO - 
--------------------------------------------------------------------------------
[2022-08-09 22:05:24,212] {taskinstance.py:1259} INFO - Executing <Task(PythonOperator): local_to_gcs_task> on 2022-08-09 22:04:05.036815+00:00
[2022-08-09 22:05:24,459] {standard_task_runner.py:52} INFO - Started process 2893 to run task
[2022-08-09 22:05:24,540] {standard_task_runner.py:76} INFO - Running: ['***', 'tasks', 'run', 'data_ingestion_gcs_dag', 'local_to_gcs_task', 'manual__2022-08-09T22:04:05.036815+00:00', '--job-id', '6', '--raw', '--subdir', 'DAGS_FOLDER/data_ingestion_gcs_dag.py', '--cfg-path', '/tmp/tmpuxpjzio4', '--error-file', '/tmp/tmp6cds1_8j']
[2022-08-09 22:05:24,557] {standard_task_runner.py:77} INFO - Job 6: Subtask local_to_gcs_task
[2022-08-09 22:05:25,111] {logging_mixin.py:109} INFO - Running <TaskInstance: data_ingestion_gcs_dag.local_to_gcs_task manual__2022-08-09T22:04:05.036815+00:00 [running]> on host 9c54a8bef46f
[2022-08-09 22:05:25,817] {taskinstance.py:1426} INFO - Exporting the following env vars:
AIRFLOW_CTX_DAG_OWNER=***
AIRFLOW_CTX_DAG_ID=data_ingestion_gcs_dag
AIRFLOW_CTX_TASK_ID=local_to_gcs_task
AIRFLOW_CTX_EXECUTION_DATE=2022-08-09T22:04:05.036815+00:00
AIRFLOW_CTX_DAG_RUN_ID=manual__2022-08-09T22:04:05.036815+00:00
[2022-08-09 22:06:01,353] {python.py:175} INFO - Done. Returned value was: None
[2022-08-09 22:06:08,715] {taskinstance.py:1277} INFO - Marking task as SUCCESS. dag_id=data_ingestion_gcs_dag, task_id=local_to_gcs_task, execution_date=20220809T220405, start_date=20220809T220523, end_date=20220809T220608
[2022-08-09 22:06:12,390] {local_task_job.py:154} INFO - Task exited with return code 0
[2022-08-09 22:06:13,238] {local_task_job.py:264} INFO - 1 downstream tasks scheduled from follow-on schedule check
